<?xml version="1.0" encoding="UTF-8"?>
<testsuite xmlns:xsi="http://www.w3.org/2001/XMLSchema-instance" xsi:noNamespaceSchemaLocation="https://maven.apache.org/surefire/maven-surefire-plugin/xsd/surefire-test-report-3.0.xsd" version="3.0" name="com.eulerity.hackathon.imagefinder.ImageFinderTest" time="0.564" tests="2" errors="0" skipped="0" failures="0">
  <properties>
[...]
</properties>
  <testcase name="testDoPostWithValidUrlAndDepth" classname="com.eulerity.hackathon.imagefinder.ImageFinderTest" time="0.446"/>
  <testcase name="testDoPostWithEmptyUrl" classname="com.eulerity.hackathon.imagefinder.ImageFinderTest" time="0.001"/>
</testsuite>